This is pdfTeX, Version 3.14159265-2.6-1.40.17 (TeX Live 2016) (preloaded format=pdflatex 2016.7.6)  9 MAR 2018 00:20
entering extended mode
 restricted \write18 enabled.
 %&-line parsing enabled.
**main.tex
(./main.tex
LaTeX2e <2016/03/31>
Babel <3.9r> and hyphenation patterns for 83 language(s) loaded.
(./IEEEtran.cls
Document Class: IEEEtran 2007/03/05 V1.7a by Michael Shell
-- See the "IEEEtran_HOWTO" manual for usage information.
-- http://www.michaelshell.org/tex/ieeetran/
\@IEEEtrantmpdimenA=\dimen102
\@IEEEtrantmpdimenB=\dimen103
\@IEEEtrantmpcountA=\count79
\@IEEEtrantmpcountB=\count80
\@IEEEtrantmptoksA=\toks14
LaTeX Font Info:    Try loading font information for OT1+ptm on input line 366.

(/usr/local/texlive/2016/texmf-dist/tex/latex/psnfss/ot1ptm.fd
File: ot1ptm.fd 2001/06/04 font definitions for OT1/ptm.
)
-- Using 210mm x 297mm (a4) paper.
-- Using PDF output.
\@IEEEnormalsizeunitybaselineskip=\dimen104
-- This is a 10 point document.
\CLASSINFOnormalsizebaselineskip=\dimen105
\CLASSINFOnormalsizeunitybaselineskip=\dimen106
\IEEEnormaljot=\dimen107
LaTeX Font Info:    Font shape `OT1/ptm/bx/n' in size <5> not available
(Font)              Font shape `OT1/ptm/b/n' tried instead on input line 724.
LaTeX Font Info:    Font shape `OT1/ptm/bx/it' in size <5> not available
(Font)              Font shape `OT1/ptm/b/it' tried instead on input line 724.
LaTeX Font Info:    Font shape `OT1/ptm/bx/n' in size <7> not available
(Font)              Font shape `OT1/ptm/b/n' tried instead on input line 724.
LaTeX Font Info:    Font shape `OT1/ptm/bx/it' in size <7> not available
(Font)              Font shape `OT1/ptm/b/it' tried instead on input line 724.
LaTeX Font Info:    Font shape `OT1/ptm/bx/n' in size <8> not available
(Font)              Font shape `OT1/ptm/b/n' tried instead on input line 724.
LaTeX Font Info:    Font shape `OT1/ptm/bx/it' in size <8> not available
(Font)              Font shape `OT1/ptm/b/it' tried instead on input line 724.
LaTeX Font Info:    Font shape `OT1/ptm/bx/n' in size <9> not available
(Font)              Font shape `OT1/ptm/b/n' tried instead on input line 724.
LaTeX Font Info:    Font shape `OT1/ptm/bx/it' in size <9> not available
(Font)              Font shape `OT1/ptm/b/it' tried instead on input line 724.
LaTeX Font Info:    Font shape `OT1/ptm/bx/n' in size <10> not available
(Font)              Font shape `OT1/ptm/b/n' tried instead on input line 724.
LaTeX Font Info:    Font shape `OT1/ptm/bx/it' in size <10> not available
(Font)              Font shape `OT1/ptm/b/it' tried instead on input line 724.
LaTeX Font Info:    Font shape `OT1/ptm/bx/n' in size <11> not available
(Font)              Font shape `OT1/ptm/b/n' tried instead on input line 724.
LaTeX Font Info:    Font shape `OT1/ptm/bx/it' in size <11> not available
(Font)              Font shape `OT1/ptm/b/it' tried instead on input line 724.
LaTeX Font Info:    Font shape `OT1/ptm/bx/n' in size <12> not available
(Font)              Font shape `OT1/ptm/b/n' tried instead on input line 724.
LaTeX Font Info:    Font shape `OT1/ptm/bx/it' in size <12> not available
(Font)              Font shape `OT1/ptm/b/it' tried instead on input line 724.
LaTeX Font Info:    Font shape `OT1/ptm/bx/n' in size <17> not available
(Font)              Font shape `OT1/ptm/b/n' tried instead on input line 724.
LaTeX Font Info:    Font shape `OT1/ptm/bx/it' in size <17> not available
(Font)              Font shape `OT1/ptm/b/it' tried instead on input line 724.
LaTeX Font Info:    Font shape `OT1/ptm/bx/n' in size <20> not available
(Font)              Font shape `OT1/ptm/b/n' tried instead on input line 724.
LaTeX Font Info:    Font shape `OT1/ptm/bx/it' in size <20> not available
(Font)              Font shape `OT1/ptm/b/it' tried instead on input line 724.
LaTeX Font Info:    Font shape `OT1/ptm/bx/n' in size <24> not available
(Font)              Font shape `OT1/ptm/b/n' tried instead on input line 724.
LaTeX Font Info:    Font shape `OT1/ptm/bx/it' in size <24> not available
(Font)              Font shape `OT1/ptm/b/it' tried instead on input line 724.
\IEEEilabelindentA=\dimen108
\IEEEilabelindentB=\dimen109
\IEEEilabelindent=\dimen110
\IEEEelabelindent=\dimen111
\IEEEdlabelindent=\dimen112
\IEEElabelindent=\dimen113
\IEEEiednormlabelsep=\dimen114
\IEEEiedmathlabelsep=\dimen115
\IEEEiedtopsep=\skip41
\c@section=\count81
\c@subsection=\count82
\c@subsubsection=\count83
\c@paragraph=\count84
\c@IEEEsubequation=\count85
\abovecaptionskip=\skip42
\belowcaptionskip=\skip43
\c@figure=\count86
\c@table=\count87
\@IEEEeqnnumcols=\count88
\@IEEEeqncolcnt=\count89
\@IEEEtmpitemindent=\dimen116
\c@IEEEbiography=\count90
\@IEEEtranrubishbin=\box26
) (/usr/local/texlive/2016/texmf-dist/tex/latex/graphics/graphicx.sty
Package: graphicx 2014/10/28 v1.0g Enhanced LaTeX Graphics (DPC,SPQR)

(/usr/local/texlive/2016/texmf-dist/tex/latex/graphics/keyval.sty
Package: keyval 2014/10/28 v1.15 key=value parser (DPC)
\KV@toks@=\toks15
)
(/usr/local/texlive/2016/texmf-dist/tex/latex/graphics/graphics.sty
Package: graphics 2016/05/09 v1.0r Standard LaTeX Graphics (DPC,SPQR)

(/usr/local/texlive/2016/texmf-dist/tex/latex/graphics/trig.sty
Package: trig 2016/01/03 v1.10 sin cos tan (DPC)
)
(/usr/local/texlive/2016/texmf-dist/tex/latex/graphics-cfg/graphics.cfg
File: graphics.cfg 2016/01/02 v1.10 sample graphics configuration
)
Package graphics Info: Driver file: pdftex.def on input line 96.

(/usr/local/texlive/2016/texmf-dist/tex/latex/pdftex-def/pdftex.def
File: pdftex.def 2011/05/27 v0.06d Graphics/color for pdfTeX

(/usr/local/texlive/2016/texmf-dist/tex/generic/oberdiek/infwarerr.sty
Package: infwarerr 2016/05/16 v1.4 Providing info/warning/error messages (HO)
)
(/usr/local/texlive/2016/texmf-dist/tex/generic/oberdiek/ltxcmds.sty
Package: ltxcmds 2016/05/16 v1.23 LaTeX kernel commands for general use (HO)
)
\Gread@gobject=\count91
))
\Gin@req@height=\dimen117
\Gin@req@width=\dimen118
)
(/usr/local/texlive/2016/texmf-dist/tex/latex/url/url.sty
\Urlmuskip=\muskip10
Package: url 2013/09/16  ver 3.4  Verb mode for urls, etc.
)
(/usr/local/texlive/2016/texmf-dist/tex/latex/amsmath/amsmath.sty
Package: amsmath 2016/03/10 v2.15b AMS math features
\@mathmargin=\skip44

For additional information on amsmath, use the `?' option.
(/usr/local/texlive/2016/texmf-dist/tex/latex/amsmath/amstext.sty
Package: amstext 2000/06/29 v2.01 AMS text

(/usr/local/texlive/2016/texmf-dist/tex/latex/amsmath/amsgen.sty
File: amsgen.sty 1999/11/30 v2.0 generic functions
\@emptytoks=\toks16
\ex@=\dimen119
))
(/usr/local/texlive/2016/texmf-dist/tex/latex/amsmath/amsbsy.sty
Package: amsbsy 1999/11/29 v1.2d Bold Symbols
\pmbraise@=\dimen120
)
(/usr/local/texlive/2016/texmf-dist/tex/latex/amsmath/amsopn.sty
Package: amsopn 2016/03/08 v2.02 operator names
)
\inf@bad=\count92
LaTeX Info: Redefining \frac on input line 199.
\uproot@=\count93
\leftroot@=\count94
LaTeX Info: Redefining \overline on input line 297.
\classnum@=\count95
\DOTSCASE@=\count96
LaTeX Info: Redefining \ldots on input line 394.
LaTeX Info: Redefining \dots on input line 397.
LaTeX Info: Redefining \cdots on input line 518.
\Mathstrutbox@=\box27
\strutbox@=\box28
\big@size=\dimen121
LaTeX Font Info:    Redeclaring font encoding OML on input line 634.
LaTeX Font Info:    Redeclaring font encoding OMS on input line 635.
\macc@depth=\count97
\c@MaxMatrixCols=\count98
\dotsspace@=\muskip11
\c@parentequation=\count99
\dspbrk@lvl=\count100
\tag@help=\toks17
\row@=\count101
\column@=\count102
\maxfields@=\count103
\andhelp@=\toks18
\eqnshift@=\dimen122
\alignsep@=\dimen123
\tagshift@=\dimen124
\tagwidth@=\dimen125
\totwidth@=\dimen126
\lineht@=\dimen127
\@envbody=\toks19
\multlinegap=\skip45
\multlinetaggap=\skip46
\mathdisplay@stack=\toks20
LaTeX Info: Redefining \[ on input line 2739.
LaTeX Info: Redefining \] on input line 2740.
)
(/usr/local/texlive/2016/texmf-dist/tex/generic/babel/babel.sty
Package: babel 2016/04/23 3.9r The Babel package

(/usr/local/texlive/2016/texmf-dist/tex/generic/babel-english/english.ldf
Language: english 2012/08/20 v3.3p English support from the babel system

(/usr/local/texlive/2016/texmf-dist/tex/generic/babel/babel.def
File: babel.def 2016/04/23 3.9r Babel common definitions
\babel@savecnt=\count104
\U@D=\dimen128
)
\l@canadian = a dialect from \language\l@american 
\l@australian = a dialect from \language\l@british 
\l@newzealand = a dialect from \language\l@british 
))
(/usr/local/texlive/2016/texmf-dist/tex/latex/amsfonts/amssymb.sty
Package: amssymb 2013/01/14 v3.01 AMS font symbols

(/usr/local/texlive/2016/texmf-dist/tex/latex/amsfonts/amsfonts.sty
Package: amsfonts 2013/01/14 v3.01 Basic AMSFonts support
\symAMSa=\mathgroup4
\symAMSb=\mathgroup5
LaTeX Font Info:    Overwriting math alphabet `\mathfrak' in version `bold'
(Font)                  U/euf/m/n --> U/euf/b/n on input line 106.
))
(/usr/local/texlive/2016/texmf-dist/tex/latex/float/float.sty
Package: float 2001/11/08 v1.3d Float enhancements (AL)
\c@float@type=\count105
\float@exts=\toks21
\float@box=\box29
\@float@everytoks=\toks22
\@floatcapt=\box30
)
(/usr/local/texlive/2016/texmf-dist/tex/latex/listings/listings.sty
\lst@mode=\count106
\lst@gtempboxa=\box31
\lst@token=\toks23
\lst@length=\count107
\lst@currlwidth=\dimen129
\lst@column=\count108
\lst@pos=\count109
\lst@lostspace=\dimen130
\lst@width=\dimen131
\lst@newlines=\count110
\lst@lineno=\count111
\lst@maxwidth=\dimen132

(/usr/local/texlive/2016/texmf-dist/tex/latex/listings/lstmisc.sty
File: lstmisc.sty 2015/06/04 1.6 (Carsten Heinz)
\c@lstnumber=\count112
\lst@skipnumbers=\count113
\lst@framebox=\box32
)
(/usr/local/texlive/2016/texmf-dist/tex/latex/listings/listings.cfg
File: listings.cfg 2015/06/04 1.6 listings configuration
))
Package: listings 2015/06/04 1.6 (Carsten Heinz)

(./main.aux)
\openout1 = `main.aux'.

LaTeX Font Info:    Checking defaults for OML/cmm/m/it on input line 9.
LaTeX Font Info:    ... okay on input line 9.
LaTeX Font Info:    Checking defaults for T1/cmr/m/n on input line 9.
LaTeX Font Info:    ... okay on input line 9.
LaTeX Font Info:    Checking defaults for OT1/cmr/m/n on input line 9.
LaTeX Font Info:    ... okay on input line 9.
LaTeX Font Info:    Checking defaults for OMS/cmsy/m/n on input line 9.
LaTeX Font Info:    ... okay on input line 9.
LaTeX Font Info:    Checking defaults for OMX/cmex/m/n on input line 9.
LaTeX Font Info:    ... okay on input line 9.
LaTeX Font Info:    Checking defaults for U/cmr/m/n on input line 9.
LaTeX Font Info:    ... okay on input line 9.

(/usr/local/texlive/2016/texmf-dist/tex/context/base/mkii/supp-pdf.mkii
[Loading MPS to PDF converter (version 2006.09.02).]
\scratchcounter=\count114
\scratchdimen=\dimen133
\scratchbox=\box33
\nofMPsegments=\count115
\nofMParguments=\count116
\everyMPshowfont=\toks24
\MPscratchCnt=\count117
\MPscratchDim=\dimen134
\MPnumerator=\count118
\makeMPintoPDFobject=\count119
\everyMPtoPDFconversion=\toks25
) (/usr/local/texlive/2016/texmf-dist/tex/generic/oberdiek/pdftexcmds.sty
Package: pdftexcmds 2016/05/10 v0.21 Utility functions of pdfTeX for LuaTeX (HO
)

(/usr/local/texlive/2016/texmf-dist/tex/generic/oberdiek/ifluatex.sty
Package: ifluatex 2016/05/16 v1.4 Provides the ifluatex switch (HO)
Package ifluatex Info: LuaTeX not detected.
)
(/usr/local/texlive/2016/texmf-dist/tex/generic/oberdiek/ifpdf.sty
Package: ifpdf 2016/05/14 v3.1 Provides the ifpdf switch
)
Package pdftexcmds Info: LuaTeX not detected.
Package pdftexcmds Info: \pdf@primitive is available.
Package pdftexcmds Info: \pdf@ifprimitive is available.
Package pdftexcmds Info: \pdfdraftmode found.
)
(/usr/local/texlive/2016/texmf-dist/tex/latex/oberdiek/epstopdf-base.sty
Package: epstopdf-base 2016/05/15 v2.6 Base part for package epstopdf

(/usr/local/texlive/2016/texmf-dist/tex/latex/oberdiek/grfext.sty
Package: grfext 2016/05/16 v1.2 Manage graphics extensions (HO)

(/usr/local/texlive/2016/texmf-dist/tex/generic/oberdiek/kvdefinekeys.sty
Package: kvdefinekeys 2016/05/16 v1.4 Define keys (HO)
))
(/usr/local/texlive/2016/texmf-dist/tex/latex/oberdiek/kvoptions.sty
Package: kvoptions 2016/05/16 v3.12 Key value format for package options (HO)

(/usr/local/texlive/2016/texmf-dist/tex/generic/oberdiek/kvsetkeys.sty
Package: kvsetkeys 2016/05/16 v1.17 Key value parser (HO)

(/usr/local/texlive/2016/texmf-dist/tex/generic/oberdiek/etexcmds.sty
Package: etexcmds 2016/05/16 v1.6 Avoid name clashes with e-TeX commands (HO)
Package etexcmds Info: Could not find \expanded.
(etexcmds)             That can mean that you are not using pdfTeX 1.50 or
(etexcmds)             that some package has redefined \expanded.
(etexcmds)             In the latter case, load this package earlier.
)))
Package grfext Info: Graphics extension search list:
(grfext)             [.png,.pdf,.jpg,.mps,.jpeg,.jbig2,.jb2,.PNG,.PDF,.JPG,.JPE
G,.JBIG2,.JB2,.eps]
(grfext)             \AppendGraphicsExtensions on input line 456.

(/usr/local/texlive/2016/texmf-dist/tex/latex/latexconfig/epstopdf-sys.cfg
File: epstopdf-sys.cfg 2010/07/13 v1.3 Configuration of (r)epstopdf for TeX Liv
e
))
\c@lstlisting=\count120
LaTeX Font Info:    Try loading font information for U+msa on input line 37.

(/usr/local/texlive/2016/texmf-dist/tex/latex/amsfonts/umsa.fd
File: umsa.fd 2013/01/14 v3.01 AMS symbols A
)
LaTeX Font Info:    Try loading font information for U+msb on input line 37.

(/usr/local/texlive/2016/texmf-dist/tex/latex/amsfonts/umsb.fd
File: umsb.fd 2013/01/14 v3.01 AMS symbols B
)
<fig1/data_ts.png, id=1, 487.8225pt x 274.02374pt>
File: fig1/data_ts.png Graphic file (type png)
 <use fig1/data_ts.png>
Package pdftex.def Info: fig1/data_ts.png used on input line 42.
(pdftex.def)             Requested size: 219.5181pt x 123.30954pt.

<fig1/successiveRelations.png, id=2, 502.12593pt x 222.8325pt>
File: fig1/successiveRelations.png Graphic file (type png)

<use fig1/successiveRelations.png>
Package pdftex.def Info: fig1/successiveRelations.png used on input line 51.
(pdftex.def)             Requested size: 200.84682pt x 89.13141pt.

<fig1/data_tsdisplay.png, id=3, 487.8225pt x 274.02374pt>
File: fig1/data_tsdisplay.png Graphic file (type png)

<use fig1/data_tsdisplay.png>
Package pdftex.def Info: fig1/data_tsdisplay.png used on input line 65.
(pdftex.def)             Requested size: 195.12553pt x 109.60754pt.

<fig1/data_log.png, id=4, 487.8225pt x 274.02374pt>
File: fig1/data_log.png Graphic file (type png)
 <use fig1/data_log.png>
Package pdftex.def Info: fig1/data_log.png used on input line 66.
(pdftex.def)             Requested size: 195.12553pt x 109.60754pt.

Underfull \vbox (badness 2644) has occurred while \output is active []

 [1{/usr/local/texlive/2016/texmf-var/fonts/map/pdftex/updmap/pdftex.map}


 <./fig1/data_ts.png> <./fig1/successiveRelations.png>]
<fig1/frequncyPlot.png, id=18, 499.11469pt x 343.2825pt>
File: fig1/frequncyPlot.png Graphic file (type png)

<use fig1/frequncyPlot.png>
Package pdftex.def Info: fig1/frequncyPlot.png used on input line 76.
(pdftex.def)             Requested size: 154.80157pt x 106.46884pt.

<fig1/smooth.png, id=19, 376.40625pt x 257.46187pt>
File: fig1/smooth.png Graphic file (type png)
 <use fig1/smooth.png>
Package pdftex.def Info: fig1/smooth.png used on input line 77.
(pdftex.def)             Requested size: 154.80157pt x 105.88611pt.

<fig1/data_sd1.png, id=21, 487.8225pt x 274.02374pt>
File: fig1/data_sd1.png Graphic file (type png)
 <use fig1/data_sd1.png>
Package pdftex.def Info: fig1/data_sd1.png used on input line 93.
(pdftex.def)             Requested size: 219.5181pt x 123.30954pt.

[2 <./fig1/data_tsdisplay.png (PNG copy)> <./fig1/data_log.png> <./fig1/frequnc
yPlot.png (PNG copy)> <./fig1/smooth.png> <./fig1/data_sd1.png (PNG copy)>]
<fig1/data_hw_plot.png, id=27, 649.42625pt x 399.4925pt>
File: fig1/data_hw_plot.png Graphic file (type png)

<use fig1/data_hw_plot.png>
Package pdftex.def Info: fig1/data_hw_plot.png used on input line 136.
(pdftex.def)             Requested size: 162.35616pt x 99.87288pt.

<fig1/data_hw_fitted.png, id=28, 649.42625pt x 399.4925pt>
File: fig1/data_hw_fitted.png Graphic file (type png)

<use fig1/data_hw_fitted.png>
Package pdftex.def Info: fig1/data_hw_fitted.png used on input line 137.
(pdftex.def)             Requested size: 155.86548pt x 95.88016pt.

<fig1/HW_forecast_tsdisplay.png, id=29, 649.42625pt x 432.61626pt>
File: fig1/HW_forecast_tsdisplay.png Graphic file (type png)

<use fig1/HW_forecast_tsdisplay.png>
Package pdftex.def Info: fig1/HW_forecast_tsdisplay.png used on input line 151.

(pdftex.def)             Requested size: 227.3026pt x 151.41795pt.

Overfull \hbox (0.88428pt too wide) in paragraph at lines 166--166
[]\OT1/ptm/m/n/8 MAPE| 
 []


Overfull \hbox (0.66045pt too wide) in paragraph at lines 167--167
[]\OT1/ptm/m/n/8 552.40| 
 []


Overfull \hbox (0.66045pt too wide) in paragraph at lines 167--167
[]\OT1/ptm/m/n/8 419.11| 
 []


Overfull \hbox (0.66045pt too wide) in paragraph at lines 167--167
[]\OT1/ptm/m/n/8 0.0116| 
 []

<fig1/qqplot.png, id=30, 649.42625pt x 511.9125pt>
File: fig1/qqplot.png Graphic file (type png)
 <use fig1/qqplot.png>
Package pdftex.def Info: fig1/qqplot.png used on input line 190.
(pdftex.def)             Requested size: 162.35616pt x 127.97781pt.

<fig1/ets_plot.png, id=31, 649.42625pt x 480.79625pt>
File: fig1/ets_plot.png Graphic file (type png)
 <use fig1/ets_plot.png>
Package pdftex.def Info: fig1/ets_plot.png used on input line 211.
(pdftex.def)             Requested size: 194.82938pt x 144.23997pt.

[3 <./fig1/data_hw_plot.png> <./fig1/data_hw_fitted.png> <./fig1/HW_forecast_ts
display.png> <./fig1/qqplot.png> <./fig1/ets_plot.png>]
<fig1/est_diagnostics.png, id=40, 649.42625pt x 480.79625pt>
File: fig1/est_diagnostics.png Graphic file (type png)

<use fig1/est_diagnostics.png>
Package pdftex.def Info: fig1/est_diagnostics.png used on input line 223.
(pdftex.def)             Requested size: 194.82938pt x 144.23997pt.

<fig1/ets_tsdiag.png, id=41, 649.42625pt x 480.79625pt>
File: fig1/ets_tsdiag.png Graphic file (type png)

<use fig1/ets_tsdiag.png>
Package pdftex.def Info: fig1/ets_tsdiag.png used on input line 224.
(pdftex.def)             Requested size: 194.82938pt x 144.23997pt.

Overfull \hbox (0.88428pt too wide) in paragraph at lines 268--268
[]\OT1/ptm/m/n/8 MAPE| 
 []


Overfull \hbox (0.66045pt too wide) in paragraph at lines 269--269
[]\OT1/ptm/m/n/8 536.14| 
 []


Overfull \hbox (0.66045pt too wide) in paragraph at lines 269--269
[]\OT1/ptm/m/n/8 417.80| 
 []


Overfull \hbox (0.66045pt too wide) in paragraph at lines 269--269
[]\OT1/ptm/m/n/8 30.634| 
 []


Overfull \hbox (0.66045pt too wide) in paragraph at lines 269--269
[]\OT1/ptm/m/n/8 0.6881| 
 []

<fig1/ets_forecast.png, id=42, 501.875pt x 511.9125pt>
File: fig1/ets_forecast.png Graphic file (type png)

<use fig1/ets_forecast.png>
Package pdftex.def Info: fig1/ets_forecast.png used on input line 285.
(pdftex.def)             Requested size: 150.56366pt x 153.57494pt.

<fig1/flowchart.png, id=43, 429.10312pt x 566.115pt>
File: fig1/flowchart.png Graphic file (type png)
 <use fig1/flowchart.png>
Package pdftex.def Info: fig1/flowchart.png used on input line 299.
(pdftex.def)             Requested size: 171.6382pt x 226.44199pt.

[4 <./fig1/est_diagnostics.png> <./fig1/ets_tsdiag.png> <./fig1/ets_forecast.pn
g>] <fig1/bj_residuals.png, id=54, 516.42938pt x 369.63094pt>
File: fig1/bj_residuals.png Graphic file (type png)

<use fig1/bj_residuals.png>
Package pdftex.def Info: fig1/bj_residuals.png used on input line 306.
(pdftex.def)             Requested size: 206.56808pt x 147.84975pt.

<fig1/test_residuals.png, id=55, 516.42938pt x 369.63094pt>
File: fig1/test_residuals.png Graphic file (type png)

<use fig1/test_residuals.png>
Package pdftex.def Info: fig1/test_residuals.png used on input line 307.
(pdftex.def)             Requested size: 206.56808pt x 147.84975pt.

Underfull \hbox (badness 10000) in paragraph at lines 320--321
[]\OT1/ptm/m/n/10 Among all these mod-els, the best model is
 []

<fig1/forecast_BJ.png, id=56, 426.84468pt x 369.63094pt>
File: fig1/forecast_BJ.png Graphic file (type png)

<use fig1/forecast_BJ.png>
Package pdftex.def Info: fig1/forecast_BJ.png used on input line 382.
(pdftex.def)             Requested size: 170.73485pt x 147.84975pt.
 [5 <./fig1/flowchart.png> <./fig1/bj_residuals.png> <./fig1/test_residuals.png
>]
<fig1/ets_arima.png, id=64, 388.45125pt x 277.78781pt>
File: fig1/ets_arima.png Graphic file (type png)

<use fig1/ets_arima.png>
Package pdftex.def Info: fig1/ets_arima.png used on input line 430.
(pdftex.def)             Requested size: 213.64883pt x 152.78375pt.

<fig2/tsdisplay_energy.png, id=65, 511.15968pt x 316.18124pt>
File: fig2/tsdisplay_energy.png Graphic file (type png)

<use fig2/tsdisplay_energy.png>
Package pdftex.def Info: fig2/tsdisplay_energy.png used on input line 459.
(pdftex.def)             Requested size: 204.46024pt x 126.47025pt.

<fig2/period_energy.png, id=66, 511.15968pt x 316.18124pt>
File: fig2/period_energy.png Graphic file (type png)

<use fig2/period_energy.png>
Package pdftex.def Info: fig2/period_energy.png used on input line 460.
(pdftex.def)             Requested size: 178.90855pt x 110.66508pt.
 [6 <./fig1/forecast_BJ.png (PNG copy)> <./fig1/ets_arima.png> <./fig2/tsdispla
y_energy.png> <./fig2/period_energy.png>]
<fig2/tsdisplay_gdp.png, id=70, 552.56438pt x 316.18124pt>
File: fig2/tsdisplay_gdp.png Graphic file (type png)

<use fig2/tsdisplay_gdp.png>
Package pdftex.def Info: fig2/tsdisplay_gdp.png used on input line 471.
(pdftex.def)             Requested size: 248.65166pt x 142.28024pt.

<fig2/periodogram_gdp.png, id=71, 460.72125pt x 279.29344pt>
File: fig2/periodogram_gdp.png Graphic file (type png)

<use fig2/periodogram_gdp.png>
Package pdftex.def Info: fig2/periodogram_gdp.png used on input line 472.
(pdftex.def)             Requested size: 184.28523pt x 111.7154pt.

<fig2/both_plot.png, id=72, 543.53062pt x 316.18124pt>
File: fig2/both_plot.png Graphic file (type png)

<use fig2/both_plot.png>
Package pdftex.def Info: fig2/both_plot.png used on input line 480.
(pdftex.def)             Requested size: 217.40839pt x 126.47025pt.

<fig2/diff_energy.png, id=73, 376.40625pt x 257.46187pt>
File: fig2/diff_energy.png Graphic file (type png)

<use fig2/diff_energy.png>
Package pdftex.def Info: fig2/diff_energy.png used on input line 501.
(pdftex.def)             Requested size: 244.66115pt x 167.34822pt.
 [7 <./fig2/tsdisplay_gdp.png> <./fig2/periodogram_gdp.png (PNG copy)> <./fig2/
both_plot.png (PNG copy)> <./fig2/diff_energy.png>]
<fig2/univariate_residuals.png, id=79, 496.10344pt x 257.46187pt>
File: fig2/univariate_residuals.png Graphic file (type png)

<use fig2/univariate_residuals.png>
Package pdftex.def Info: fig2/univariate_residuals.png used on input line 534.
(pdftex.def)             Requested size: 248.0511pt x 128.7306pt.

<fig2/can_qqplot.png, id=80, 661.47125pt x 343.2825pt>
File: fig2/can_qqplot.png Graphic file (type png)

<use fig2/can_qqplot.png>
Package pdftex.def Info: fig2/can_qqplot.png used on input line 565.
(pdftex.def)             Requested size: 231.5184pt x 120.15067pt.

Underfull \hbox (badness 10000) in paragraph at lines 624--626

 []


Underfull \hbox (badness 10000) in paragraph at lines 626--628

 []


Overfull \hbox (4.58516pt too wide) detected at line 628
\OML/cmm/m/it/10 y[] \OT1/cmr/m/n/10 = \OML/cmm/m/it/10 y[] \OT1/cmr/m/n/10 + 0
\OML/cmm/m/it/10 :\OT1/cmr/m/n/10 0002\OML/cmm/m/it/10 x[] \OMS/cmsy/m/n/10 ^^@
 \OT1/cmr/m/n/10 0\OML/cmm/m/it/10 :\OT1/cmr/m/n/10 0002\OML/cmm/m/it/10 x[] \O
T1/cmr/m/n/10 + 0\OML/cmm/m/it/10 :\OT1/cmr/m/n/10 3108\OML/cmm/m/it/10 n[] \OM
S/cmsy/m/n/10 ^^@ \OT1/cmr/m/n/10 0\OML/cmm/m/it/10 :\OT1/cmr/m/n/10 3108\OML/c
mm/m/it/10 n[] \OT1/cmr/m/n/10 + \OML/cmm/m/it/10 e[]
 []

[8 <./fig2/univariate_residuals.png> <./fig2/can_qqplot.png>]
<fig2/arima_forecast.png, id=87, 409.53pt x 277.78781pt>
File: fig2/arima_forecast.png Graphic file (type png)

<use fig2/arima_forecast.png>
Package pdftex.def Info: fig2/arima_forecast.png used on input line 644.
(pdftex.def)             Requested size: 163.80908pt x 111.11314pt.

<fig2/arima_forecast_gdp.png, id=88, 409.53pt x 277.78781pt>
File: fig2/arima_forecast_gdp.png Graphic file (type png)

<use fig2/arima_forecast_gdp.png>
Package pdftex.def Info: fig2/arima_forecast_gdp.png used on input line 699.
(pdftex.def)             Requested size: 163.80908pt x 111.11314pt.

Overfull \hbox (19.36598pt too wide) in paragraph at lines 711--718
 [][] 
 []


Overfull \hbox (0.88428pt too wide) in paragraph at lines 733--733
[]\OT1/ptm/m/n/8 MAPE| 
 []


Overfull \hbox (4.66045pt too wide) in paragraph at lines 734--734
[]\OT1/ptm/m/n/8 0.02761| 
 []


Overfull \hbox (0.66045pt too wide) in paragraph at lines 734--734
[]\OT1/ptm/m/n/8 0.1851| 
 []


Overfull \hbox (0.66045pt too wide) in paragraph at lines 734--734
[]\OT1/ptm/m/n/8 0.1467| 
 []


Overfull \hbox (0.66045pt too wide) in paragraph at lines 734--734
[]\OT1/ptm/m/n/8 0.5440| 
 []


Overfull \hbox (0.66045pt too wide) in paragraph at lines 734--734
[]\OT1/ptm/m/n/8 0.3937| 
 []


Overfull \hbox (0.88428pt too wide) in paragraph at lines 746--746
[]\OT1/ptm/m/n/8 MAPE| 
 []


Overfull \hbox (0.66045pt too wide) in paragraph at lines 747--747
[]\OT1/ptm/m/n/8 0.1761| 
 []


Overfull \hbox (0.66045pt too wide) in paragraph at lines 747--747
[]\OT1/ptm/m/n/8 0.1327| 
 []


Overfull \hbox (0.66045pt too wide) in paragraph at lines 747--747
[]\OT1/ptm/m/n/8 1.8535| 
 []


Overfull \hbox (0.66045pt too wide) in paragraph at lines 747--747
[]\OT1/ptm/m/n/8 0.7993| 
 []

[9 <./fig2/arima_forecast.png> <./fig2/arima_forecast_gdp.png>]
Underfull \hbox (badness 10000) in paragraph at lines 756--758

 []

Missing character: There is no â in font ptmr7t!
Missing character: There is no € in font ptmr7t!
Missing character: There is no ™ in font ptmr7t!
<fig2/can_ets_forecast.png, id=92, 409.53pt x 277.78781pt>
File: fig2/can_ets_forecast.png Graphic file (type png)

<use fig2/can_ets_forecast.png>
Package pdftex.def Info: fig2/can_ets_forecast.png used on input line 768.
(pdftex.def)             Requested size: 163.80908pt x 111.11314pt.

<fig2/validation_plot.png, id=93, 388.45125pt x 277.78781pt>
File: fig2/validation_plot.png Graphic file (type png)

<use fig2/validation_plot.png>
Package pdftex.def Info: fig2/validation_plot.png used on input line 779.
(pdftex.def)             Requested size: 155.37773pt x 111.11314pt.

Overfull \hbox (5.22952pt too wide) in paragraph at lines 788--788
[]\OT1/ptm/m/n/8 ES(HW)| 
 []


Overfull \hbox (0.92818pt too wide) in paragraph at lines 789--790
[]\OT1/ptm/m/n/8 0.426| 
 []


Overfull \hbox (1.16081pt too wide) in paragraph at lines 786--792
[][] 
 []


Underfull \hbox (badness 10000) in paragraph at lines 813--814
[]$\OT1/ptm/m/n/8 http : / / data . worldbank . org / indicator / EG . USE . PC
AP . KG . OE ? locations =
 []

[10 <./fig2/can_ets_forecast.png> <./fig2/validation_plot.png>]
<fig1/forecast.png, id=97, 462.72874pt x 345.29pt>
File: fig1/forecast.png Graphic file (type png)
 <use fig1/forecast.png>
Package pdftex.def Info: fig1/forecast.png used on input line 824.
(pdftex.def)             Requested size: 254.50159pt x 189.91008pt.

Overfull \hbox (2.50159pt too wide) in paragraph at lines 824--825
 [] 
 []

<fig1/forecast_box.png, id=98, 458.71375pt x 341.275pt>
File: fig1/forecast_box.png Graphic file (type png)

<use fig1/forecast_box.png>
Package pdftex.def Info: fig1/forecast_box.png used on input line 833.
(pdftex.def)             Requested size: 252.29333pt x 187.70181pt.

(/usr/local/texlive/2016/texmf-dist/tex/latex/listings/lstlang1.sty
File: lstlang1.sty 2015/06/04 1.6 listings language file
)
(/usr/local/texlive/2016/texmf-dist/tex/latex/listings/lstlang2.sty
File: lstlang2.sty 2015/06/04 1.6 listings language file
)
(/usr/local/texlive/2016/texmf-dist/tex/latex/listings/lstlang3.sty
File: lstlang3.sty 2015/06/04 1.6 listings language file
)
LaTeX Font Info:    Try loading font information for OML+ptm on input line 848.


(/usr/local/texlive/2016/texmf-dist/tex/latex/psnfss/omlptm.fd
File: omlptm.fd 
)

LaTeX Font Warning: Font shape `OML/ptm/bx/n' undefined
(Font)              using `OML/ptm/m/it' instead
(Font)              for symbol `textless' on input line 848.

LaTeX Font Info:    Font shape `OML/ptm/m/it' in size <5> not available
(Font)              Font shape `OML/cmm/m/it' tried instead on input line 848.
LaTeX Font Info:    Font shape `OML/ptm/bx/n' in size <5> not available
(Font)              Font shape `OML/cmm/m/it' tried instead on input line 861.
LaTeX Font Info:    Try loading font information for OMS+ptm on input line 915.

(/usr/local/texlive/2016/texmf-dist/tex/latex/psnfss/omsptm.fd
File: omsptm.fd 
)
LaTeX Font Info:    Font shape `OMS/ptm/m/n' in size <5> not available
(Font)              Font shape `OMS/cmsy/m/n' tried instead on input line 915.
 [11 <./fig1/forecast.png> <./fig1/forecast_box.png>]
LaTeX Font Info:    Font shape `OML/ptm/m/n' in size <5> not available
(Font)              Font shape `OML/cmm/m/it' tried instead on input line 1045.

 [12] [13

] (./main.aux)

LaTeX Font Warning: Some font shapes were not available, defaults substituted.

 ) 
Here is how much of TeX's memory you used:
 5978 strings out of 493014
 85393 string characters out of 6133352
 300065 words of memory out of 5000000
 9395 multiletter control sequences out of 15000+600000
 45543 words of font info for 90 fonts, out of 8000000 for 9000
 1141 hyphenation exceptions out of 8191
 38i,10n,42p,743b,2278s stack positions out of 5000i,500n,10000p,200000b,80000s
{/usr/local/texlive/2016/texmf-dist/fonts/enc/dvips/base/8r.enc}</usr/local/t
exlive/2016/texmf-dist/fonts/type1/public/amsfonts/cm/cmmi10.pfb></usr/local/te
xlive/2016/texmf-dist/fonts/type1/public/amsfonts/cm/cmmi5.pfb></usr/local/texl
ive/2016/texmf-dist/fonts/type1/public/amsfonts/cm/cmmi7.pfb></usr/local/texliv
e/2016/texmf-dist/fonts/type1/public/amsfonts/cm/cmmi8.pfb></usr/local/texlive/
2016/texmf-dist/fonts/type1/public/amsfonts/cm/cmr10.pfb></usr/local/texlive/20
16/texmf-dist/fonts/type1/public/amsfonts/cm/cmr6.pfb></usr/local/texlive/2016/
texmf-dist/fonts/type1/public/amsfonts/cm/cmr7.pfb></usr/local/texlive/2016/tex
mf-dist/fonts/type1/public/amsfonts/cm/cmr8.pfb></usr/local/texlive/2016/texmf-
dist/fonts/type1/public/amsfonts/cm/cmsy10.pfb></usr/local/texlive/2016/texmf-d
ist/fonts/type1/public/amsfonts/cm/cmsy5.pfb></usr/local/texlive/2016/texmf-dis
t/fonts/type1/public/amsfonts/cm/cmsy7.pfb></usr/local/texlive/2016/texmf-dist/
fonts/type1/urw/times/utmb8a.pfb></usr/local/texlive/2016/texmf-dist/fonts/type
1/urw/times/utmbi8a.pfb></usr/local/texlive/2016/texmf-dist/fonts/type1/urw/tim
es/utmr8a.pfb></usr/local/texlive/2016/texmf-dist/fonts/type1/urw/times/utmri8a
.pfb>
Output written on main.pdf (13 pages, 1191400 bytes).
PDF statistics:
 161 PDF objects out of 1000 (max. 8388607)
 78 compressed objects within 1 object stream
 0 named destinations out of 1000 (max. 500000)
 171 words of extra memory for PDF output out of 10000 (max. 10000000)

